<?xml version="1.0" encoding="UTF-8"?>
<!-- Generated by org.testng.reporters.JUnitXMLReporter -->
<testsuite ignored="0" hostname="DESKTOP-FJ2D18H" failures="0" tests="2" name="Default test" time="63.351" errors="0" timestamp="2022-01-20T15:05:52 IST">
  <testcase classname="OrgnaizationTest.CreateOrganizationTest" name="CreateOrg" time="25.194"/>
  <testcase classname="OrgnaizationTest.CreateOrganizationTest" name="CreateOrgwithIndustry" time="13.473"/>
</testsuite> <!-- Default test -->
