<?xml version="1.0" encoding="UTF-8"?>
<!-- Generated by org.testng.reporters.JUnitXMLReporter -->
<testsuite ignored="4" hostname="DESKTOP-FJ2D18H" failures="0" tests="2" name="Test" time="53.796" errors="0" timestamp="2022-01-19T09:50:37 IST">
  <testcase classname="OrgnaizationTest.CreateProductTest1" name="CreateProductwithCategory" time="19.962"/>
  <testcase classname="OrgnaizationTest.CreateOrganizationTest" name="CreateOrgwithIndustry" time="11.784"/>
  <testcase classname="OrgnaizationTest.CreateProductTest1" name="CreateProduct" time="0.0">
    <ignored/>
  </testcase> <!-- CreateProduct -->
  <testcase classname="com.crm.comcast.GenericUtility.BaseClass" name="@BeforeSuite configBs" time="0.0">
    <ignored/>
  </testcase> <!-- @BeforeSuite configBs -->
  <testcase classname="com.crm.comcast.GenericUtility.BaseClass" name="@AfterSuite configAs" time="0.0">
    <ignored/>
  </testcase> <!-- @AfterSuite configAs -->
  <testcase classname="OrgnaizationTest.CreateOrganizationTest" name="CreateOrg" time="0.0">
    <ignored/>
  </testcase> <!-- CreateOrg -->
</testsuite> <!-- Test -->
