<?xml version="1.0" encoding="UTF-8"?>
<testng-results ignored="0" total="2" passed="2" failed="0" skipped="0">
  <reporter-output>
  </reporter-output>
  <suite started-at="2022-03-02T12:22:05 IST" name="Default suite" finished-at="2022-03-02T12:22:56 IST" duration-ms="50764">
    <groups>
      <group name="regressionTest">
        <method signature="CreateProductTest.CreateProduct()[pri:0, instance:productTest.CreateProductTest@5ba3f27a]" name="CreateProduct" class="productTest.CreateProductTest"/>
      </group> <!-- regressionTest -->
      <group name="smokeTest">
        <method signature="CreateProductTest.CreateProductwithCategory()[pri:0, instance:productTest.CreateProductTest@5ba3f27a]" name="CreateProductwithCategory" class="productTest.CreateProductTest"/>
      </group> <!-- smokeTest -->
    </groups>
    <test started-at="2022-03-02T12:22:05 IST" name="Default test" finished-at="2022-03-02T12:22:56 IST" duration-ms="50764">
      <class name="productTest.CreateProductTest">
        <test-method is-config="true" signature="configBs()[pri:0, instance:productTest.CreateProductTest@5ba3f27a]" started-at="2022-03-02T12:22:05 IST" name="configBs" finished-at="2022-03-02T12:22:05 IST" duration-ms="13" status="PASS">
          <reporter-output>
          </reporter-output>
        </test-method> <!-- configBs -->
        <test-method is-config="true" signature="configBc()[pri:0, instance:productTest.CreateProductTest@5ba3f27a]" started-at="2022-03-02T12:22:05 IST" name="configBc" finished-at="2022-03-02T12:22:12 IST" duration-ms="6639" status="PASS">
          <reporter-output>
          </reporter-output>
        </test-method> <!-- configBc -->
        <test-method is-config="true" signature="configBm()[pri:0, instance:productTest.CreateProductTest@5ba3f27a]" started-at="2022-03-02T12:22:12 IST" name="configBm" finished-at="2022-03-02T12:22:20 IST" duration-ms="8001" status="PASS">
          <reporter-output>
          </reporter-output>
        </test-method> <!-- configBm -->
        <test-method signature="CreateProduct()[pri:0, instance:productTest.CreateProductTest@5ba3f27a]" started-at="2022-03-02T12:22:20 IST" name="CreateProduct" finished-at="2022-03-02T12:22:41 IST" duration-ms="20546" status="PASS">
          <reporter-output>
          </reporter-output>
        </test-method> <!-- CreateProduct -->
        <test-method is-config="true" signature="configAm()[pri:0, instance:productTest.CreateProductTest@5ba3f27a]" started-at="2022-03-02T12:22:41 IST" name="configAm" finished-at="2022-03-02T12:22:42 IST" duration-ms="1737" status="PASS">
          <reporter-output>
          </reporter-output>
        </test-method> <!-- configAm -->
        <test-method is-config="true" signature="configBm()[pri:0, instance:productTest.CreateProductTest@5ba3f27a]" started-at="2022-03-02T12:22:42 IST" name="configBm" finished-at="2022-03-02T12:22:45 IST" duration-ms="2483" status="PASS">
          <reporter-output>
          </reporter-output>
        </test-method> <!-- configBm -->
        <test-method signature="CreateProductwithCategory()[pri:0, instance:productTest.CreateProductTest@5ba3f27a]" started-at="2022-03-02T12:22:45 IST" name="CreateProductwithCategory" finished-at="2022-03-02T12:22:54 IST" duration-ms="9552" status="PASS">
          <reporter-output>
          </reporter-output>
        </test-method> <!-- CreateProductwithCategory -->
        <test-method is-config="true" signature="configAm()[pri:0, instance:productTest.CreateProductTest@5ba3f27a]" started-at="2022-03-02T12:22:54 IST" name="configAm" finished-at="2022-03-02T12:22:56 IST" duration-ms="1287" status="PASS">
          <reporter-output>
          </reporter-output>
        </test-method> <!-- configAm -->
        <test-method is-config="true" signature="configAc()[pri:0, instance:productTest.CreateProductTest@5ba3f27a]" started-at="2022-03-02T12:22:56 IST" name="configAc" finished-at="2022-03-02T12:22:56 IST" duration-ms="451" status="PASS">
          <reporter-output>
          </reporter-output>
        </test-method> <!-- configAc -->
        <test-method is-config="true" signature="configAs()[pri:0, instance:productTest.CreateProductTest@5ba3f27a]" started-at="2022-03-02T12:22:56 IST" name="configAs" finished-at="2022-03-02T12:22:56 IST" duration-ms="1" status="PASS">
          <reporter-output>
          </reporter-output>
        </test-method> <!-- configAs -->
      </class> <!-- productTest.CreateProductTest -->
    </test> <!-- Default test -->
  </suite> <!-- Default suite -->
</testng-results>
